<?xml version="1.0" encoding="UTF-8"?>
<testsuite name="testM.TestStringVerification-resultado_Média" tests="3" file="testM.py" time="0.004" timestamp="2024-10-28T18:53:36" failures="0" errors="0" skipped="0">
	<testcase classname="testM.TestStringVerification" name="test_verificar_string_1" time="0.004" timestamp="2024-10-28T18:53:36" file="/home/fernando/Área de Trabalho/Projeto/Repositorio_IC/IC/Variáveis e estrutura sequencial/Média ponderada/Testes/testM.py" line="40"/>
	<testcase classname="testM.TestStringVerification" name="test_verificar_string_2" time="0.000" timestamp="2024-10-28T18:53:36" file="/home/fernando/Área de Trabalho/Projeto/Repositorio_IC/IC/Variáveis e estrutura sequencial/Média ponderada/Testes/testM.py" line="44"/>
	<testcase classname="testM.TestStringVerification" name="test_verificar_string_3" time="0.000" timestamp="2024-10-28T18:53:36" file="/home/fernando/Área de Trabalho/Projeto/Repositorio_IC/IC/Variáveis e estrutura sequencial/Média ponderada/Testes/testM.py" line="48"/>
</testsuite>
